
==> Unlocking encrypted secret vault: /media/bashirs/DATA/my-mkosi-test/secrets/mkosi-secrets.json.age
    At the prompt below, enter the VAULT passphrase
    (the age secret-vault password — NOT your login or LUKS disk passphrase).

==> Using default profile from hosts/x1g13/profile.default: kernel-rolling docker thinkpad-g13 thinkpad-x1g13 laptop-screen display-manager-gdm3 awesomewm dev-tools dev-mkosi dev-ansible devbox audio-pipewire wifi ssh-server ssh-2fa tailscale cloudflare-tunnel healthchecksio ab-diagnostics signal vscode antigravity bluetooth brother-printer intel-npu flatpak digikam zoom-web symlink-docker symlink-k3s user-power-control watchdog-battery solaar timezone-los-angeles s3-unencrypted-backup brave-browser brave-origin kopia kopia-cloud-backup kopia-filesystem-backup
==> Running shellcheck...
[lint] linting 41 files (mode=overlay)
[lint] no findings.
==> Auditing mkosi.extra/ for baked-in per-machine identity...
==> Verifying .mkosi-secrets/ ...

[verify-build-secrets] scanning /media/bashirs/DATA/my-mkosi-test/.mkosi-secrets

[verify-build-secrets] build-time secret summary
  FEATURE           STATUS          DETAIL
  ----------------  --------------  ----------------------------
[verify-build-secrets] build can proceed (wrote /media/bashirs/DATA/my-mkosi-test/.mkosi-secrets/.verify-status.env)
==> Computing config checksum and resolving image version...

==> Disk encryption: the image's root filesystem is LUKS-encrypted.
    This passphrase is SEPARATE from the secret-vault passphrase you may
    have just entered — you will type it at boot to unlock each image.
    (Set LUKS_PASSPHRASE in the environment beforehand to skip this prompt.)
    Enter a NEW LUKS passphrase for the image(s):     Confirm LUKS passphrase: 

==> Build space OK: 38G free on /media/bashirs/DATA (need ~20G; override via AB_MIN_FREE_GB)
==> Secure Boot: enabled. UKI and kernel modules will be signed with .secureboot/db.key
==> Preparing first-boot provisioning data for profile=kernel-rolling docker thinkpad-g13 thinkpad-x1g13 laptop-screen display-manager-gdm3 awesomewm dev-tools dev-mkosi dev-ansible devbox audio-pipewire wifi ssh-server ssh-2fa tailscale cloudflare-tunnel healthchecksio ab-diagnostics signal vscode antigravity bluetooth brother-printer intel-npu flatpak digikam zoom-web symlink-docker symlink-k3s user-power-control watchdog-battery solaar timezone-los-angeles s3-unencrypted-backup brave-browser brave-origin kopia kopia-cloud-backup kopia-filesystem-backup host=x1g13...
==> Host UID/GID sync for matching user 'root': true (0:0 root)
==> Image identity: deb-ab-x1g13 version 20260616T152500Z arch x86-64
==> [DOTFILES] auto: host 'x1g13' has a persistent /home mount in its fstab;
    skipping dotfiles staging (use --dotfiles=always to override)
==> Packaging remote-access credentials for profile=kernel-rolling docker thinkpad-g13 thinkpad-x1g13 laptop-screen display-manager-gdm3 awesomewm dev-tools dev-mkosi dev-ansible devbox audio-pipewire wifi ssh-server ssh-2fa tailscale cloudflare-tunnel healthchecksio ab-diagnostics signal vscode antigravity bluetooth brother-printer intel-npu flatpak digikam zoom-web symlink-docker symlink-k3s user-power-control watchdog-battery solaar timezone-los-angeles s3-unencrypted-backup brave-browser brave-origin kopia kopia-cloud-backup kopia-filesystem-backup host=x1g13...
[package-credentials] login user: bashirs
[package-credentials] installed bashirs authorized_keys
[package-credentials] staging plaintext credential tailscale-authkey -> /media/bashirs/DATA/my-mkosi-test/.mkosi-metadata/etc/credstore/tailscale-authkey
[package-credentials] staging plaintext credential cloudflared-token -> /media/bashirs/DATA/my-mkosi-test/.mkosi-metadata/etc/credstore/cloudflared-token
[package-credentials] writing pre-seeded wifi connection -> /media/bashirs/DATA/my-mkosi-test/.mkosi-metadata/etc/NetworkManager/system-connections/BashirRaima.nmconnection
[package-credentials] substituting __LOGIN_USERNAME__ -> bashirs into /media/bashirs/DATA/my-mkosi-test/.mkosi-metadata/etc/ssh/sshd_config.d/50-hardening.conf
[package-credentials] staging plaintext credential s3-backup-credentials.json -> /media/bashirs/DATA/my-mkosi-test/.mkosi-metadata/etc/credstore/s3-backup-credentials.json
[package-credentials] staging plaintext credential kopia-password -> /media/bashirs/DATA/my-mkosi-test/.mkosi-metadata/etc/credstore/kopia-password
[package-credentials] done. Credentials under /media/bashirs/DATA/my-mkosi-test/.mkosi-metadata/etc/credstore (only for present + relevant secrets).
==> Packaging alert credentials for profile=kernel-rolling docker thinkpad-g13 thinkpad-x1g13 laptop-screen display-manager-gdm3 awesomewm dev-tools dev-mkosi dev-ansible devbox audio-pipewire wifi ssh-server ssh-2fa tailscale cloudflare-tunnel healthchecksio ab-diagnostics signal vscode antigravity bluetooth brother-printer intel-npu flatpak digikam zoom-web symlink-docker symlink-k3s user-power-control watchdog-battery solaar timezone-los-angeles s3-unencrypted-backup brave-browser brave-origin kopia kopia-cloud-backup kopia-filesystem-backup host=x1g13...
[package-alerts] staging plaintext credential mailjet_public_key -> /media/bashirs/DATA/my-mkosi-test/.mkosi-metadata/etc/credstore/mailjet_public_key
[package-alerts] staging plaintext credential mailjet_private_key -> /media/bashirs/DATA/my-mkosi-test/.mkosi-metadata/etc/credstore/mailjet_private_key
[package-alerts] staging plaintext credential pagerduty-routing-key -> /media/bashirs/DATA/my-mkosi-test/.mkosi-metadata/etc/credstore/pagerduty-routing-key
[package-alerts] staging plaintext credential healthchecks-ping-url -> /media/bashirs/DATA/my-mkosi-test/.mkosi-metadata/etc/credstore/healthchecks-ping-url
[package-alerts] alert credentials packaged.
==> Preparing Liquorix repository metadata for devbox...
==> Including host-specific config for: x1g13
==> Starting mkosi build (profile: kernel-rolling docker thinkpad-g13 thinkpad-x1g13 laptop-screen display-manager-gdm3 awesomewm dev-tools dev-mkosi dev-ansible devbox audio-pipewire wifi ssh-server ssh-2fa tailscale cloudflare-tunnel healthchecksio ab-diagnostics signal vscode antigravity bluetooth brother-printer intel-npu flatpak digikam zoom-web symlink-docker symlink-k3s user-power-control watchdog-battery solaar timezone-los-angeles s3-unencrypted-backup brave-browser brave-origin kopia kopia-cloud-backup kopia-filesystem-backup, host: x1g13, force: none)...
‣ Cache manifest mismatch for deb-ab-x1g13 image, not reusing cached images
‣ Removing cache entries of deb-ab-x1g13 image…
‣ Validating certificates and keys
‣ Copying in sandbox trees…
‣ Syncing package manager metadata
Ign:1 https://pkg.kopia.io/deb ./ InRelease
Hit:2 http://security.debian.org/debian-security trixie-security InRelease
Hit:5 https://brave-browser-apt-release.s3.brave.com stable InRelease
Hit:6 https://download.docker.com/linux/debian trixie InRelease
Hit:3 https://snapshot.debian.org/archive/debian/20260609T000000Z trixie InRelease
Hit:7 https://packages.microsoft.com/repos/code stable InRelease
Get:8 https://pkgs.tailscale.com/stable/debian trixie InRelease
Hit:4 https://snapshot.debian.org/archive/debian/20260609T000000Z trixie-updates InRelease
Hit:9 https://updates.signal.org/desktop/apt xenial InRelease
Hit:10 http://deb.debian.org/debian-debug trixie-debug InRelease
Hit:11 https://mirror.mwt.me/zoom/deb any InRelease
Hit:12 http://deb.debian.org/debian trixie-backports InRelease
Hit:13 https://liquorix.net/debian trixie InRelease
Hit:14 https://pkg.cloudflare.com/cloudflared bookworm InRelease
Hit:15 https://us-central1-apt.pkg.dev/projects/antigravity-auto-updater-dev antigravity-debian InRelease
Ign:1 https://pkg.kopia.io/deb ./ InRelease
Ign:1 https://pkg.kopia.io/deb ./ InRelease
Err:1 https://pkg.kopia.io/deb ./ InRelease
  Could not resolve 'pkg.kopia.io'
Fetched 6582 B in 7s (927 B/s)
Reading package lists...
W: Failed to fetch https://pkg.kopia.io/deb/./InRelease  Could not resolve 'pkg.kopia.io'
W: Some index files failed to download. They have been ignored, or old ones used instead.
‣ Copying repository metadata
‣ Building deb-ab-x1g13 image
‣  Copying in sandbox trees…
‣  Installing Debian
Reading package lists...
Building dependency tree...
The following additional packages will be installed:
  debconf gcc-14-base libacl1 libattr1 libaudit-common libaudit1 libblkid1
  libbz2-1.0 libc6 libcap-ng0 libcap2 libcrypt1 libdb5.3t64 libdebconfclient0
  libgcc-s1 libgmp10 liblastlog2-2 liblzma5 libmd0 libmount1 libpam-modules
  libpam-modules-bin libpam-runtime libpam0g libpcre2-8-0 libselinux1
  libsmartcols1 libsqlite3-0 libssl3t64 libsystemd0 libtinfo6 libudev1
  libuuid1 libzstd1 mawk openssl-provider-legacy zlib1g
Suggested packages:
  bash-doc debconf-doc debconf-kde-helper debconf-utils libgtk3-perl
  libnet-ldap-perl libterm-readline-gnu-perl perl whiptail | dialog
  diffutils-doc wdiff apt debsig-verify less glibc-doc libc-l10n locales
  libnss-nis libnss-nisplus cryptsetup-bin libpam-doc libgcrypt20 liblz4-1
  libidn2-0 uuid-runtime sensible-utils bzip2 ncompress xz-utils tar-scripts
  tar-doc dosfstools kbd util-linux-extra util-linux-locales wtmpdb
Recommended packages:
  bash-completion bsdextrautils apt | apt-utils debconf-i18n manpages
  libidn2-0 sensible-utils
The following NEW packages will be installed:
  base-files base-passwd bash bsdutils coreutils dash debconf debianutils
  diffutils dpkg findutils gcc-14-base grep gzip hostname init-system-helpers
  libacl1 libattr1 libaudit-common libaudit1 libblkid1 libbz2-1.0 libc-bin
  libc6 libcap-ng0 libcap2 libcrypt1 libdb5.3t64 libdebconfclient0 libgcc-s1
  libgmp10 liblastlog2-2 liblzma5 libmd0 libmount1 libpam-modules
  libpam-modules-bin libpam-runtime libpam0g libpcre2-8-0 libselinux1
  libsmartcols1 libsqlite3-0 libssl3t64 libsystemd0 libtinfo6 libudev1
  libuuid1 libzstd1 mawk ncurses-base ncurses-bin openssl-provider-legacy
  perl-base sed sysvinit-utils tar util-linux zlib1g
/usr/bin/dpkg --root=/buildroot --force-unsafe-io --force-architecture --force-depends --no-debsig --admindir /buildroot/var/lib/dpkg/ --status-fd 49 --no-triggers --unpack --auto-deconfigure /var/cache/apt/archives/gcc-14-base_14.2.0-19_amd64.deb /var/cache/apt/archives/libgcc-s1_14.2.0-19_amd64.deb /var/cache/apt/archives/libc6_2.41-12+deb13u3_amd64.deb /var/cache/apt/archives/mawk_1.3.4.20250131-1_amd64.deb 
/usr/bin/dpkg --root=/buildroot --force-unsafe-io --force-architecture --force-depends --no-debsig --admindir /buildroot/var/lib/dpkg/ --status-fd 49 --no-triggers --configure gcc-14-base:amd64 libgcc-s1:amd64 libc6:amd64 mawk:amd64 
/usr/bin/dpkg --root=/buildroot --force-unsafe-io --force-architecture --force-depends --no-debsig --admindir /buildroot/var/lib/dpkg/ --status-fd 49 --no-triggers --unpack --auto-deconfigure /var/cache/apt/archives/base-files_13.8+deb13u5_amd64.deb /var/cache/apt/archives/libtinfo6_6.5+20250216-2_amd64.deb /var/cache/apt/archives/debianutils_5.23.2_amd64.deb 
/usr/bin/dpkg --root=/buildroot --force-unsafe-io --force-architecture --force-depends --no-debsig --admindir /buildroot/var/lib/dpkg/ --status-fd 49 --no-triggers --configure libtinfo6:amd64 
/usr/bin/dpkg --root=/buildroot --force-unsafe-io --force-architecture --force-depends --no-debsig --admindir /buildroot/var/lib/dpkg/ --status-fd 49 --no-triggers --unpack --auto-deconfigure /var/cache/apt/archives/bash_5.2.37-2+b9_amd64.deb /var/cache/apt/archives/libcap2_1%3a2.75-10+deb13u1+b1_amd64.deb /var/cache/apt/archives/libsystemd0_257.13-1~deb13u1_amd64.deb 
/usr/bin/dpkg --root=/buildroot --force-unsafe-io --force-architecture --force-depends --no-debsig --admindir /buildroot/var/lib/dpkg/ --status-fd 49 --no-triggers --configure libcap2:amd64 libsystemd0:amd64 
/usr/bin/dpkg --root=/buildroot --force-unsafe-io --force-architecture --force-depends --no-debsig --admindir /buildroot/var/lib/dpkg/ --status-fd 49 --no-triggers --unpack --auto-deconfigure /var/cache/apt/archives/bsdutils_1%3a2.41-5_amd64.deb /var/cache/apt/archives/libacl1_2.3.2-2+b1_amd64.deb /var/cache/apt/archives/libattr1_1%3a2.5.2-3_amd64.deb /var/cache/apt/archives/libgmp10_2%3a6.3.0+dfsg-3_amd64.deb /var/cache/apt/archives/libpcre2-8-0_10.46-1~deb13u1_amd64.deb /var/cache/apt/archives/libselinux1_3.8.1-1_amd64.deb /var/cache/apt/archives/libzstd1_1.5.7+dfsg-1_amd64.deb /var/cache/apt/archives/zlib1g_1%3a1.3.dfsg+really1.3.1-1+b1_amd64.deb /var/cache/apt/archives/openssl-provider-legacy_3.5.6-1~deb13u2_amd64.deb /var/cache/apt/archives/libssl3t64_3.5.6-1~deb13u2_amd64.deb 
/usr/bin/dpkg --root=/buildroot --force-unsafe-io --force-architecture --force-depends --no-debsig --admindir /buildroot/var/lib/dpkg/ --status-fd 49 --no-triggers --configure libacl1:amd64 libattr1:amd64 libgmp10:amd64 libpcre2-8-0:amd64 libselinux1:amd64 libzstd1:amd64 zlib1g:amd64 openssl-provider-legacy:amd64 libssl3t64:amd64 
/usr/bin/dpkg --root=/buildroot --force-unsafe-io --force-architecture --force-depends --no-debsig --admindir /buildroot/var/lib/dpkg/ --status-fd 49 --no-triggers --unpack --auto-deconfigure /var/cache/apt/archives/coreutils_9.7-3_amd64.deb /var/cache/apt/archives/dash_0.5.12-12_amd64.deb /var/cache/apt/archives/diffutils_1%3a3.10-4_amd64.deb /var/cache/apt/archives/libbz2-1.0_1.0.8-6_amd64.deb /var/cache/apt/archives/liblzma5_5.8.1-1_amd64.deb /var/cache/apt/archives/libmd0_1.1.0-2+b1_amd64.deb /var/cache/apt/archives/tar_1.35+dfsg-3.1_amd64.deb 
/usr/bin/dpkg --root=/buildroot --force-unsafe-io --force-architecture --force-depends --no-debsig --admindir /buildroot/var/lib/dpkg/ --status-fd 49 --no-triggers --configure libbz2-1.0:amd64 liblzma5:amd64 libmd0:amd64 
/usr/bin/dpkg --root=/buildroot --force-unsafe-io --force-architecture --force-depends --no-debsig --admindir /buildroot/var/lib/dpkg/ --status-fd 49 --no-triggers --unpack --auto-deconfigure /var/cache/apt/archives/dpkg_1.22.22_amd64.deb /var/cache/apt/archives/findutils_4.10.0-3_amd64.deb /var/cache/apt/archives/grep_3.11-4_amd64.deb /var/cache/apt/archives/gzip_1.13-1_amd64.deb /var/cache/apt/archives/hostname_3.25_amd64.deb /var/cache/apt/archives/ncurses-bin_6.5+20250216-2_amd64.deb /var/cache/apt/archives/libcrypt1_1%3a4.4.38-1_amd64.deb 
/usr/bin/dpkg --root=/buildroot --force-unsafe-io --force-architecture --force-depends --no-debsig --admindir /buildroot/var/lib/dpkg/ --status-fd 49 --no-triggers --configure libcrypt1:amd64 
/usr/bin/dpkg --root=/buildroot --force-unsafe-io --force-architecture --force-depends --no-debsig --admindir /buildroot/var/lib/dpkg/ --status-fd 49 --no-triggers --unpack --auto-deconfigure /var/cache/apt/archives/perl-base_5.40.1-6_amd64.deb /var/cache/apt/archives/sed_4.9-2+deb13u1_amd64.deb /var/cache/apt/archives/libaudit-common_1%3a4.0.2-2_all.deb /var/cache/apt/archives/libcap-ng0_0.8.5-4+b1_amd64.deb /var/cache/apt/archives/libaudit1_1%3a4.0.2-2+b2_amd64.deb /var/cache/apt/archives/libdb5.3t64_5.3.28+dfsg2-9_amd64.deb /var/cache/apt/archives/debconf_1.5.91_all.deb /var/cache/apt/archives/libpam0g_1.7.0-5_amd64.deb /var/cache/apt/archives/libpam-modules-bin_1.7.0-5_amd64.deb 
/usr/bin/dpkg --root=/buildroot --force-unsafe-io --force-architecture --force-depends --no-debsig --admindir /buildroot/var/lib/dpkg/ --status-fd 49 --no-triggers --configure libaudit-common:all libcap-ng0:amd64 libaudit1:amd64 libdb5.3t64:amd64 debconf:all libpam0g:amd64 libpam-modules-bin:amd64 
/usr/bin/dpkg --root=/buildroot --force-unsafe-io --force-architecture --force-depends --no-debsig --admindir /buildroot/var/lib/dpkg/ --status-fd 49 --no-triggers --unpack --auto-deconfigure /var/cache/apt/archives/libpam-modules_1.7.0-5_amd64.deb /var/cache/apt/archives/libpam-runtime_1.7.0-5_all.deb /var/cache/apt/archives/libblkid1_2.41-5_amd64.deb /var/cache/apt/archives/libsqlite3-0_3.46.1-7+deb13u1_amd64.deb /var/cache/apt/archives/liblastlog2-2_2.41-5_amd64.deb /var/cache/apt/archives/libmount1_2.41-5_amd64.deb /var/cache/apt/archives/libsmartcols1_2.41-5_amd64.deb /var/cache/apt/archives/libudev1_257.13-1~deb13u1_amd64.deb /var/cache/apt/archives/libuuid1_2.41-5_amd64.deb 
/usr/bin/dpkg --root=/buildroot --force-unsafe-io --force-architecture --force-depends --no-debsig --admindir /buildroot/var/lib/dpkg/ --status-fd 49 --no-triggers --configure libpam-modules:amd64 libpam-runtime:all libblkid1:amd64 libsqlite3-0:amd64 liblastlog2-2:amd64 libmount1:amd64 libsmartcols1:amd64 libudev1:amd64 libuuid1:amd64 
/usr/bin/dpkg --root=/buildroot --force-unsafe-io --force-architecture --force-depends --no-debsig --admindir /buildroot/var/lib/dpkg/ --status-fd 49 --no-triggers --unpack --auto-deconfigure /var/cache/apt/archives/util-linux_2.41-5_amd64.deb /var/cache/apt/archives/libdebconfclient0_0.280_amd64.deb /var/cache/apt/archives/base-passwd_3.6.7_amd64.deb /var/cache/apt/archives/init-system-helpers_1.69~deb13u1_all.deb /var/cache/apt/archives/libc-bin_2.41-12+deb13u3_amd64.deb /var/cache/apt/archives/ncurses-base_6.5+20250216-2_all.deb /var/cache/apt/archives/sysvinit-utils_3.14-4_amd64.deb 
/usr/bin/dpkg --root=/buildroot --force-unsafe-io --force-architecture --force-depends --no-debsig --admindir /buildroot/var/lib/dpkg/ --status-fd 49 --configure --pending 
0 upgraded, 59 newly installed, 0 to remove and 0 not upgraded.
Need to get 0 B/25.3 MB of archives.
After this operation, 98.7 MB of additional disk space will be used.
Reading package lists...
Building dependency tree...
Suggested packages:
  bash-doc debconf-doc debconf-kde-helper debconf-utils libgtk3-perl
  libnet-ldap-perl libterm-readline-gnu-perl perl whiptail | dialog
  diffutils-doc wdiff apt debsig-verify less glibc-doc libc-l10n locales
  libnss-nis libnss-nisplus cryptsetup-bin libpam-doc libgcrypt20 liblz4-1
  libidn2-0 uuid-runtime sensible-utils bzip2 ncompress xz-utils tar-scripts
  tar-doc dosfstools kbd util-linux-extra util-linux-locales wtmpdb
Recommended packages:
  bash-completion bsdextrautils apt | apt-utils debconf-i18n manpages
  libidn2-0 sensible-utils
The following NEW packages will be installed:
  base-files base-passwd bash bsdutils coreutils dash debconf debianutils
  diffutils dpkg findutils gcc-14-base grep gzip hostname init-system-helpers
  libacl1 libattr1 libaudit-common libaudit1 libblkid1 libbz2-1.0 libc-bin
  libc6 libcap-ng0 libcap2 libcrypt1 libdb5.3t64 libdebconfclient0 libgcc-s1
  libgmp10 liblastlog2-2 liblzma5 libmd0 libmount1 libpam-modules
  libpam-modules-bin libpam-runtime libpam0g libpcre2-8-0 libselinux1
  libsmartcols1 libsqlite3-0 libssl3t64 libsystemd0 libtinfo6 libudev1
  libuuid1 libzstd1 mawk ncurses-base ncurses-bin openssl-provider-legacy
  perl-base sed sysvinit-utils tar util-linux zlib1g
0 upgraded, 59 newly installed, 0 to remove and 0 not upgraded.
Need to get 0 B/25.3 MB of archives.
After this operation, 98.7 MB of additional disk space will be used.
Selecting previously unselected package gcc-14-base:amd64.
(Reading database ... 0 files and directories currently installed.)
Preparing to unpack .../gcc-14-base_14.2.0-19_amd64.deb ...
Unpacking gcc-14-base:amd64 (14.2.0-19) ...
Selecting previously unselected package libgcc-s1:amd64.
Preparing to unpack .../libgcc-s1_14.2.0-19_amd64.deb ...
Unpacking libgcc-s1:amd64 (14.2.0-19) ...
Selecting previously unselected package libc6:amd64.
Preparing to unpack .../libc6_2.41-12+deb13u3_amd64.deb ...
Use of uninitialized value in concatenation (.) or string at /usr/share/perl5/Debconf/Config.pm line 23.
dpkg-query: no packages found matching base-files
Unpacking libc6:amd64 (2.41-12+deb13u3) ...
Selecting previously unselected package mawk.
Preparing to unpack .../mawk_1.3.4.20250131-1_amd64.deb ...
Unpacking mawk (1.3.4.20250131-1) ...
Setting up gcc-14-base:amd64 (14.2.0-19) ...
Setting up libgcc-s1:amd64 (14.2.0-19) ...
Setting up libc6:amd64 (2.41-12+deb13u3) ...
Use of uninitialized value in concatenation (.) or string at /usr/share/perl5/Debconf/Config.pm line 23.
Setting up mawk (1.3.4.20250131-1) ...
update-alternatives: using /usr/bin/mawk to provide /usr/bin/awk (awk) in auto mode
Selecting previously unselected package base-files.
(Reading database ... 337 files and directories currently installed.)
Preparing to unpack .../base-files_13.8+deb13u5_amd64.deb ...
Unpacking base-files (13.8+deb13u5) ...
Selecting previously unselected package libtinfo6:amd64.
Preparing to unpack .../libtinfo6_6.5+20250216-2_amd64.deb ...
Unpacking libtinfo6:amd64 (6.5+20250216-2) ...
Selecting previously unselected package debianutils.
Preparing to unpack .../debianutils_5.23.2_amd64.deb ...
Unpacking debianutils (5.23.2) ...
Setting up libtinfo6:amd64 (6.5+20250216-2) ...
Selecting previously unselected package bash.
(Reading database ... 531 files and directories currently installed.)
Preparing to unpack .../bash_5.2.37-2+b9_amd64.deb ...
Unpacking bash (5.2.37-2+b9) ...
Selecting previously unselected package libcap2:amd64.
Preparing to unpack .../libcap2_1%3a2.75-10+deb13u1+b1_amd64.deb ...
Unpacking libcap2:amd64 (1:2.75-10+deb13u1+b1) ...
Selecting previously unselected package libsystemd0:amd64.
Preparing to unpack .../libsystemd0_257.13-1~deb13u1_amd64.deb ...
Unpacking libsystemd0:amd64 (257.13-1~deb13u1) ...
Setting up libcap2:amd64 (1:2.75-10+deb13u1+b1) ...
Setting up libsystemd0:amd64 (257.13-1~deb13u1) ...
Selecting previously unselected package bsdutils.
(Reading database ... 697 files and directories currently installed.)
Preparing to unpack .../bsdutils_1%3a2.41-5_amd64.deb ...
Unpacking bsdutils (1:2.41-5) ...
Selecting previously unselected package libacl1:amd64.
Preparing to unpack .../libacl1_2.3.2-2+b1_amd64.deb ...
Unpacking libacl1:amd64 (2.3.2-2+b1) ...
Selecting previously unselected package libattr1:amd64.
Preparing to unpack .../libattr1_1%3a2.5.2-3_amd64.deb ...
Unpacking libattr1:amd64 (1:2.5.2-3) ...
Selecting previously unselected package libgmp10:amd64.
Preparing to unpack .../libgmp10_2%3a6.3.0+dfsg-3_amd64.deb ...
Unpacking libgmp10:amd64 (2:6.3.0+dfsg-3) ...
Selecting previously unselected package libpcre2-8-0:amd64.
Preparing to unpack .../libpcre2-8-0_10.46-1~deb13u1_amd64.deb ...
Unpacking libpcre2-8-0:amd64 (10.46-1~deb13u1) ...
Selecting previously unselected package libselinux1:amd64.
Preparing to unpack .../libselinux1_3.8.1-1_amd64.deb ...
Unpacking libselinux1:amd64 (3.8.1-1) ...
Selecting previously unselected package libzstd1:amd64.
Preparing to unpack .../libzstd1_1.5.7+dfsg-1_amd64.deb ...
Unpacking libzstd1:amd64 (1.5.7+dfsg-1) ...
Selecting previously unselected package zlib1g:amd64.
Preparing to unpack .../zlib1g_1%3a1.3.dfsg+really1.3.1-1+b1_amd64.deb ...
Unpacking zlib1g:amd64 (1:1.3.dfsg+really1.3.1-1+b1) ...
Selecting previously unselected package openssl-provider-legacy.
Preparing to unpack .../openssl-provider-legacy_3.5.6-1~deb13u2_amd64.deb ...
Unpacking openssl-provider-legacy (3.5.6-1~deb13u2) ...
Selecting previously unselected package libssl3t64:amd64.
Preparing to unpack .../libssl3t64_3.5.6-1~deb13u2_amd64.deb ...
Unpacking libssl3t64:amd64 (3.5.6-1~deb13u2) ...
Setting up libacl1:amd64 (2.3.2-2+b1) ...
Setting up libattr1:amd64 (1:2.5.2-3) ...
Setting up libgmp10:amd64 (2:6.3.0+dfsg-3) ...
Setting up libpcre2-8-0:amd64 (10.46-1~deb13u1) ...
Setting up libselinux1:amd64 (3.8.1-1) ...
Setting up libzstd1:amd64 (1.5.7+dfsg-1) ...
Setting up zlib1g:amd64 (1:1.3.dfsg+really1.3.1-1+b1) ...
Setting up openssl-provider-legacy (3.5.6-1~deb13u2) ...
Setting up libssl3t64:amd64 (3.5.6-1~deb13u2) ...
Selecting previously unselected package coreutils.
(Reading database ... 790 files and directories currently installed.)
Preparing to unpack .../coreutils_9.7-3_amd64.deb ...
Unpacking coreutils (9.7-3) ...
Selecting previously unselected package dash.
Preparing to unpack .../dash_0.5.12-12_amd64.deb ...
Unpacking dash (0.5.12-12) ...
Selecting previously unselected package diffutils.
Preparing to unpack .../diffutils_1%3a3.10-4_amd64.deb ...
Unpacking diffutils (1:3.10-4) ...
Selecting previously unselected package libbz2-1.0:amd64.
Preparing to unpack .../libbz2-1.0_1.0.8-6_amd64.deb ...
Unpacking libbz2-1.0:amd64 (1.0.8-6) ...
Selecting previously unselected package liblzma5:amd64.
Preparing to unpack .../liblzma5_5.8.1-1_amd64.deb ...
Unpacking liblzma5:amd64 (5.8.1-1) ...
Selecting previously unselected package libmd0:amd64.
Preparing to unpack .../libmd0_1.1.0-2+b1_amd64.deb ...
Unpacking libmd0:amd64 (1.1.0-2+b1) ...
Selecting previously unselected package tar.
Preparing to unpack .../tar_1.35+dfsg-3.1_amd64.deb ...
Unpacking tar (1.35+dfsg-3.1) ...
Setting up libbz2-1.0:amd64 (1.0.8-6) ...
Setting up liblzma5:amd64 (5.8.1-1) ...
Setting up libmd0:amd64 (1.1.0-2+b1) ...
Selecting previously unselected package dpkg.
(Reading database ... 1316 files and directories currently installed.)
Preparing to unpack .../dpkg_1.22.22_amd64.deb ...
Unpacking dpkg (1.22.22) ...
Selecting previously unselected package findutils.
Preparing to unpack .../findutils_4.10.0-3_amd64.deb ...
Unpacking findutils (4.10.0-3) ...
Selecting previously unselected package grep.
Preparing to unpack .../archives/grep_3.11-4_amd64.deb ...
Unpacking grep (3.11-4) ...
Selecting previously unselected package gzip.
Preparing to unpack .../archives/gzip_1.13-1_amd64.deb ...
Unpacking gzip (1.13-1) ...
Selecting previously unselected package hostname.
Preparing to unpack .../hostname_3.25_amd64.deb ...
Unpacking hostname (3.25) ...
Selecting previously unselected package ncurses-bin.
Preparing to unpack .../ncurses-bin_6.5+20250216-2_amd64.deb ...
Unpacking ncurses-bin (6.5+20250216-2) ...
Selecting previously unselected package libcrypt1:amd64.
Preparing to unpack .../libcrypt1_1%3a4.4.38-1_amd64.deb ...
Unpacking libcrypt1:amd64 (1:4.4.38-1) ...
Setting up libcrypt1:amd64 (1:4.4.38-1) ...
Selecting previously unselected package perl-base.
(Reading database ... 1727 files and directories currently installed.)
Preparing to unpack .../perl-base_5.40.1-6_amd64.deb ...
Unpacking perl-base (5.40.1-6) ...
Selecting previously unselected package sed.
Preparing to unpack .../sed_4.9-2+deb13u1_amd64.deb ...
Unpacking sed (4.9-2+deb13u1) ...
Selecting previously unselected package libaudit-common.
Preparing to unpack .../libaudit-common_1%3a4.0.2-2_all.deb ...
Unpacking libaudit-common (1:4.0.2-2) ...
Selecting previously unselected package libcap-ng0:amd64.
Preparing to unpack .../libcap-ng0_0.8.5-4+b1_amd64.deb ...
Unpacking libcap-ng0:amd64 (0.8.5-4+b1) ...
Selecting previously unselected package libaudit1:amd64.
Preparing to unpack .../libaudit1_1%3a4.0.2-2+b2_amd64.deb ...
Unpacking libaudit1:amd64 (1:4.0.2-2+b2) ...
Selecting previously unselected package libdb5.3t64:amd64.
Preparing to unpack .../libdb5.3t64_5.3.28+dfsg2-9_amd64.deb ...
Unpacking libdb5.3t64:amd64 (5.3.28+dfsg2-9) ...
Selecting previously unselected package debconf.
Preparing to unpack .../debconf_1.5.91_all.deb ...
Unpacking debconf (1.5.91) ...
Selecting previously unselected package libpam0g:amd64.
Preparing to unpack .../libpam0g_1.7.0-5_amd64.deb ...
Unpacking libpam0g:amd64 (1.7.0-5) ...
Selecting previously unselected package libpam-modules-bin.
Preparing to unpack .../libpam-modules-bin_1.7.0-5_amd64.deb ...
Unpacking libpam-modules-bin (1.7.0-5) ...
Setting up libaudit-common (1:4.0.2-2) ...
Setting up libcap-ng0:amd64 (0.8.5-4+b1) ...
Setting up libaudit1:amd64 (1:4.0.2-2+b2) ...
Setting up libdb5.3t64:amd64 (5.3.28+dfsg2-9) ...
Setting up debconf (1.5.91) ...
Use of uninitialized value in concatenation (.) or string at /usr/share/perl5/Debconf/Config.pm line 23.
Setting up libpam0g:amd64 (1.7.0-5) ...
Use of uninitialized value in concatenation (.) or string at /usr/share/perl5/Debconf/Config.pm line 23.
Setting up libpam-modules-bin (1.7.0-5) ...
Selecting previously unselected package libpam-modules:amd64.
(Reading database ... 2728 files and directories currently installed.)
Preparing to unpack .../libpam-modules_1.7.0-5_amd64.deb ...
Use of uninitialized value in concatenation (.) or string at /usr/share/perl5/Debconf/Config.pm line 23.
Unpacking libpam-modules:amd64 (1.7.0-5) ...
Selecting previously unselected package libpam-runtime.
Preparing to unpack .../libpam-runtime_1.7.0-5_all.deb ...
Unpacking libpam-runtime (1.7.0-5) ...
Selecting previously unselected package libblkid1:amd64.
Preparing to unpack .../libblkid1_2.41-5_amd64.deb ...
Unpacking libblkid1:amd64 (2.41-5) ...
Selecting previously unselected package libsqlite3-0:amd64.
Preparing to unpack .../libsqlite3-0_3.46.1-7+deb13u1_amd64.deb ...
Unpacking libsqlite3-0:amd64 (3.46.1-7+deb13u1) ...
Selecting previously unselected package liblastlog2-2:amd64.
Preparing to unpack .../liblastlog2-2_2.41-5_amd64.deb ...
Unpacking liblastlog2-2:amd64 (2.41-5) ...
Selecting previously unselected package libmount1:amd64.
Preparing to unpack .../libmount1_2.41-5_amd64.deb ...
Unpacking libmount1:amd64 (2.41-5) ...
Selecting previously unselected package libsmartcols1:amd64.
Preparing to unpack .../libsmartcols1_2.41-5_amd64.deb ...
Unpacking libsmartcols1:amd64 (2.41-5) ...
Selecting previously unselected package libudev1:amd64.
Preparing to unpack .../libudev1_257.13-1~deb13u1_amd64.deb ...
Unpacking libudev1:amd64 (257.13-1~deb13u1) ...
Selecting previously unselected package libuuid1:amd64.
Preparing to unpack .../libuuid1_2.41-5_amd64.deb ...
Unpacking libuuid1:amd64 (2.41-5) ...
Setting up libpam-modules:amd64 (1.7.0-5) ...
Setting up libpam-runtime (1.7.0-5) ...
Use of uninitialized value in concatenation (.) or string at /usr/share/perl5/Debconf/Config.pm line 23.
Setting up libblkid1:amd64 (2.41-5) ...
Setting up libsqlite3-0:amd64 (3.46.1-7+deb13u1) ...
Setting up liblastlog2-2:amd64 (2.41-5) ...
Setting up libmount1:amd64 (2.41-5) ...
Setting up libsmartcols1:amd64 (2.41-5) ...
Setting up libudev1:amd64 (257.13-1~deb13u1) ...
Setting up libuuid1:amd64 (2.41-5) ...
Selecting previously unselected package util-linux.
(Reading database ... 3076 files and directories currently installed.)
Preparing to unpack .../util-linux_2.41-5_amd64.deb ...
Unpacking util-linux (2.41-5) ...
Selecting previously unselected package libdebconfclient0:amd64.
Preparing to unpack .../libdebconfclient0_0.280_amd64.deb ...
Unpacking libdebconfclient0:amd64 (0.280) ...
Selecting previously unselected package base-passwd.
Preparing to unpack .../base-passwd_3.6.7_amd64.deb ...
Unpacking base-passwd (3.6.7) ...
Selecting previously unselected package init-system-helpers.
Preparing to unpack .../init-system-helpers_1.69~deb13u1_all.deb ...
Unpacking init-system-helpers (1.69~deb13u1) ...
Selecting previously unselected package libc-bin.
Preparing to unpack .../libc-bin_2.41-12+deb13u3_amd64.deb ...
Unpacking libc-bin (2.41-12+deb13u3) ...
Selecting previously unselected package ncurses-base.
Preparing to unpack .../ncurses-base_6.5+20250216-2_all.deb ...
Unpacking ncurses-base (6.5+20250216-2) ...
Selecting previously unselected package sysvinit-utils.
Preparing to unpack .../sysvinit-utils_3.14-4_amd64.deb ...
Unpacking sysvinit-utils (3.14-4) ...
Setting up bsdutils (1:2.41-5) ...
Setting up grep (3.11-4) ...
Setting up tar (1.35+dfsg-3.1) ...
update-alternatives: using /usr/sbin/rmt-tar to provide /usr/sbin/rmt (rmt) in auto mode
Setting up libc-bin (2.41-12+deb13u3) ...
Setting up ncurses-bin (6.5+20250216-2) ...
Setting up coreutils (9.7-3) ...
Setting up diffutils (1:3.10-4) ...
Setting up perl-base (5.40.1-6) ...
Setting up hostname (3.25) ...
Setting up ncurses-base (6.5+20250216-2) ...
Setting up init-system-helpers (1.69~deb13u1) ...
Setting up sed (4.9-2+deb13u1) ...
Setting up gzip (1.13-1) ...
Setting up util-linux (2.41-5) ...
update-alternatives: using /bin/more to provide /usr/bin/pager (pager) in auto mode
Setting up dpkg (1.22.22) ...
Setting up findutils (4.10.0-3) ...
Setting up sysvinit-utils (3.14-4) ...
Setting up debianutils (5.23.2) ...
update-alternatives: using /usr/bin/which.debianutils to provide /usr/bin/which (which) in auto mode
Setting up libdebconfclient0:amd64 (0.280) ...
Setting up base-files (13.8+deb13u5) ...
Setting up base-passwd (3.6.7) ...
Setting up dash (0.5.12-12) ...
Setting up bash (5.2.37-2+b9) ...
update-alternatives: using /usr/share/man/man7/bash-builtins.7.gz to provide /usr/share/man/man7/builtins.7.gz (builtins.7.gz) in auto mode
Processing triggers for libc-bin (2.41-12+deb13u3) ...
Reading package lists...
Building dependency tree...
Reading state information...
E: Unable to locate package kopia
‣ "apt-get -o APT::Architecture=amd64 -o APT::Architectures=amd64 -o APT::Install-Recommends=false -o APT::Immediate-Configure=off -o APT::Get::Assume-Yes=true -o APT::Get::AutomaticRemove=true -o APT::Get::Allow-Change-Held-Packages=true -o APT::Get::Allow-Remove-Essential=true -o APT::Sandbox::User=root -o Acquire::AllowReleaseInfoChange=true -o Acquire::Check-Valid-Until=false -o Dir::Cache=/var/cache/apt -o Dir::State=/var/lib/apt -o Dir::Log=/var/log/apt -o Dir::State::Status=/buildroot/var/lib/dpkg/status -o Dir::Bin::DPkg=/usr/bin/dpkg -o Debug::NoLocking=true -o DPkg::Options::=--root=/buildroot -o DPkg::Options::=--force-unsafe-io -o DPkg::Options::=--force-architecture -o DPkg::Options::=--force-depends -o DPkg::Options::=--no-debsig -o DPkg::Use-Pty=false -o DPkg::Install::Recursive::Minimum=1000 -o pkgCacheGen::ForceEssential=, install systemd systemd-sysv systemd-boot systemd-boot-efi systemd-boot-tools systemd-container systemd-repart systemd-timesyncd binutils ncdu vim nano htop curl wget bubblewrap dosfstools e2fsprogs fdisk udev systemd-cryptsetup tpm2-tools cryptsetup cryptsetup-initramfs fzf sudo bash dbus systemd-resolved passwd login apt apt-utils ca-certificates jq curl parallel htop acl rsync net-tools finger nano vim fzf unzip mtools p7zip-full lm-sensors rename nmap wget ca-certificates iproute2 libcap2-bin ripgrep ncdu git iputils-ping git-delta wget dnsutils tree systemd-ukify linux-image-amd64 linux-headers-amd64 docker-ce docker-ce-cli containerd.io docker-compose-plugin iptables nftables bridge-utils tlp tlp-rdw firmware-iwlwifi firmware-intel-sound firmware-misc-nonfree firmware-sof-signed thinkfan alsa-ucm-conf pamixer playerctl acpid brightnessctl x11-xserver-utils gdm3 gnome-session gnome-session-bin gnome-session-common gnome-settings-daemon polkitd accountsservice dbus dbus-user-session x11-xserver-utils xinit xterm plymouth plymouth-themes xserver-xorg xserver-xorg-core xserver-xorg-input-libinput xserver-xorg-video-intel mutter gnome-shell xorg xserver-xorg-legacy xserver-xephyr xinit xterm awesome lua5.3 liblua5.3-0 liblua5.3-dev lua-lgi gir1.2-rsvg-2.0 librsvg2-common dbus-x11 xauth picom kitty brightnessctl brightness-udev firefox-esr chromium abiword evince gnumeric mousepad thunar arandr xinput rofi libfuse2t64 vlc git git-delta iputils-ping ncdu curl wget vim htop tmux rsync less ca-certificates openssl fdisk exfatprogs ntfs-3g shellcheck python3.13-venv jq age mkosi ansible dpkg kmod spice-vdagent pipewire-audio pipewire-pulse wireplumber pipewire-alsa libspa-0.2-bluetooth bluez rtkit alsa-utils pulseaudio-utils pavucontrol upower libspa-0.2-libcamera dbus-user-session alsa-ucm-conf network-manager network-manager-iwd iwd network-manager-applet wireless-regdb firmware-iwlwifi firmware-intel-sound firmware-sof-signed firmware-linux-nonfree firmware-realtek firmware-mediatek libcap2-bin openssh-server libpam-google-authenticator tailscale cloudflared signal-desktop code antigravity bluetooth bluez bluez-tools blueman rfkill cups printer-driver-brlaser mesa-opencl-icd intel-media-va-driver-non-free intel-gpu-tools flatpak digikam geeqie krita darktable rawtherapee zoom upower solaar mc openssl jq brave-browser brave-origin kopia jq curl fuse3" returned non-zero exit code 100.
