bashirs@x1g13:/media/bashirs/DATA/my-mkosi-test$ sudo ./build.sh --host x1g13
[sudo] password for bashirs: 

==> Unlocking encrypted secret vault: /media/bashirs/DATA/my-mkosi-test/secrets/mkosi-secrets.json.age
    At the prompt below, enter the VAULT passphrase
    (the age secret-vault password — NOT your login or LUKS disk passphrase).

==> Using default profile from hosts/x1g13/profile.default: kernel-rolling docker thinkpad-g13 thinkpad-x1g13 laptop-screen display-manager-gdm3 awesomewm dev-tools dev-mkosi dev-ansible devbox audio-pipewire wifi ssh-server ssh-2fa tailscale cloudflare-tunnel healthchecksio ab-diagnostics signal vscode antigravity bluetooth brother-printer intel-npu flatpak digikam zoom-web symlink-docker symlink-k3s user-power-control watchdog-battery solaar timezone-los-angeles s3-unencrypted-backup brave-browser brave-origin kopia kopia-cloud-backup kopia-filesystem-backup
==> Running shellcheck...
[lint] linting 41 files (mode=overlay)
[lint] no findings.
==> Auditing mkosi.extra/ for baked-in per-machine identity...
==> Verifying .mkosi-secrets/ ...

[verify-build-secrets] scanning /media/bashirs/DATA/my-mkosi-test/.mkosi-secrets
[redacted]

[verify-build-secrets] build-time secret summary
  FEATURE           STATUS          DETAIL
  ----------------  --------------  ----------------------------
  redacted
[verify-build-secrets] build can proceed (wrote /media/bashirs/DATA/my-mkosi-test/.mkosi-secrets/.verify-status.env)
==> Computing config checksum and resolving image version...

==> Disk encryption: the image's root filesystem is LUKS-encrypted.
    This passphrase is SEPARATE from the secret-vault passphrase you may
    have just entered — you will type it at boot to unlock each image.
    (Set LUKS_PASSPHRASE in the environment beforehand to skip this prompt.)
    Enter a NEW LUKS passphrase for the image(s): 
    Confirm LUKS passphrase: 
==> Build space OK: 38G free on /media/bashirs/DATA (need ~20G; override via AB_MIN_FREE_GB)
==> Secure Boot: enabled. UKI and kernel modules will be signed with .secureboot/db.key
==> Preparing first-boot provisioning data for profile=kernel-rolling docker thinkpad-g13 thinkpad-x1g13 laptop-screen display-manager-gdm3 awesomewm dev-tools dev-mkosi dev-ansible devbox audio-pipewire wifi ssh-server ssh-2fa tailscale cloudflare-tunnel healthchecksio ab-diagnostics signal vscode antigravity bluetooth brother-printer intel-npu flatpak digikam zoom-web symlink-docker symlink-k3s user-power-control watchdog-battery solaar timezone-los-angeles s3-unencrypted-backup brave-browser brave-origin kopia kopia-cloud-backup kopia-filesystem-backup host=x1g13...
==> Host UID/GID sync for matching user 'root': true (0:0 root)
==> Image identity: deb-ab-x1g13 version 20260616T121143Z arch x86-64
==> [DOTFILES] auto: host 'x1g13' has a persistent /home mount in its fstab;
    skipping dotfiles staging (use --dotfiles=always to override)
==> Packaging remote-access credentials for profile=kernel-rolling docker thinkpad-g13 thinkpad-x1g13 laptop-screen display-manager-gdm3 awesomewm dev-tools dev-mkosi dev-ansible devbox audio-pipewire wifi ssh-server ssh-2fa tailscale cloudflare-tunnel healthchecksio ab-diagnostics signal vscode antigravity bluetooth brother-printer intel-npu flatpak digikam zoom-web symlink-docker symlink-k3s user-power-control watchdog-battery solaar timezone-los-angeles s3-unencrypted-backup brave-browser brave-origin kopia kopia-cloud-backup kopia-filesystem-backup host=x1g13...
[package-credentials] login user: bashirs
[package-credentials] installed bashirs authorized_keys
[package-credentials] staging plaintext credential tailscale-authkey -> /media/bashirs/DATA/my-mkosi-test/.mkosi-metadata/etc/credstore/tailscale-authkey
[package-credentials] staging plaintext credential cloudflared-token -> /media/bashirs/DATA/my-mkosi-test/.mkosi-metadata/etc/credstore/cloudflared-token
[package-credentials] writing pre-seeded wifi connection -> /media/bashirs/DATA/my-mkosi-test/.mkosi-metadata/etc/NetworkManager/system-connections/BashirRaima.nmconnection
[package-credentials] substituting __LOGIN_USERNAME__ -> bashirs into /media/bashirs/DATA/my-mkosi-test/.mkosi-metadata/etc/ssh/sshd_config.d/50-hardening.conf
[package-credentials] staging plaintext credential s3-backup-credentials.json -> /media/bashirs/DATA/my-mkosi-test/.mkosi-metadata/etc/credstore/s3-backup-credentials.json
[package-credentials] staging plaintext credential kopia-password -> /media/bashirs/DATA/my-mkosi-test/.mkosi-metadata/etc/credstore/kopia-password
[package-credentials] done. Credentials under /media/bashirs/DATA/my-mkosi-test/.mkosi-metadata/etc/credstore (only for present + relevant secrets).
==> Packaging alert credentials for profile=kernel-rolling docker thinkpad-g13 thinkpad-x1g13 laptop-screen display-manager-gdm3 awesomewm dev-tools dev-mkosi dev-ansible devbox audio-pipewire wifi ssh-server ssh-2fa tailscale cloudflare-tunnel healthchecksio ab-diagnostics signal vscode antigravity bluetooth brother-printer intel-npu flatpak digikam zoom-web symlink-docker symlink-k3s user-power-control watchdog-battery solaar timezone-los-angeles s3-unencrypted-backup brave-browser brave-origin kopia kopia-cloud-backup kopia-filesystem-backup host=x1g13...
[package-alerts] staging plaintext credential mailjet_public_key -> /media/bashirs/DATA/my-mkosi-test/.mkosi-metadata/etc/credstore/mailjet_public_key
[package-alerts] staging plaintext credential mailjet_private_key -> /media/bashirs/DATA/my-mkosi-test/.mkosi-metadata/etc/credstore/mailjet_private_key
[package-alerts] staging plaintext credential pagerduty-routing-key -> /media/bashirs/DATA/my-mkosi-test/.mkosi-metadata/etc/credstore/pagerduty-routing-key
[package-alerts] staging plaintext credential healthchecks-ping-url -> /media/bashirs/DATA/my-mkosi-test/.mkosi-metadata/etc/credstore/healthchecks-ping-url
[package-alerts] alert credentials packaged.
==> Preparing Liquorix repository metadata for devbox...
==> Including host-specific config for: x1g13
==> Starting mkosi build (profile: kernel-rolling docker thinkpad-g13 thinkpad-x1g13 laptop-screen display-manager-gdm3 awesomewm dev-tools dev-mkosi dev-ansible devbox audio-pipewire wifi ssh-server ssh-2fa tailscale cloudflare-tunnel healthchecksio ab-diagnostics signal vscode antigravity bluetooth brother-printer intel-npu flatpak digikam zoom-web symlink-docker symlink-k3s user-power-control watchdog-battery solaar timezone-los-angeles s3-unencrypted-backup brave-browser brave-origin kopia kopia-cloud-backup kopia-filesystem-backup, host: x1g13, force: none)...
‣ Validating certificates and keys
‣ Copying cached package manager metadata
‣ Building deb-ab-x1g13 image
‣  Copying in sandbox trees…
‣  Copying cached trees
‣  Running build script /media/bashirs/DATA/my-mkosi-test/mkosi.build…
==> [BUILD] AwesomeWM package not present in this image; skipping source overlay build
==> [BUILD] AwesomeWM not present; skipping vicious overlay
==> [BUILD] no t2 kernel detected in /lib/modules; skipping CS8409 driver overlay
‣  Copying in extra file trees…
‣  Running postinstall script /media/bashirs/DATA/my-mkosi-test/mkosi.postinst…
‣  Running postinstall script /media/bashirs/DATA/my-mkosi-test/mkosi.profiles/docker/mkosi.postinst…
==> [docker/postinst] Removing broken lnl-firmware hook
‣  Running postinstall script /media/bashirs/DATA/my-mkosi-test/mkosi.profiles/timezone-los-angeles/mkosi.postinst…
‣  Signing systemd-boot binaries…
Wrote signed PE binary to /work/media/bashirs/DATA/.mkosi.workspace/mkosi-workspace-1su922fx/root/usr/lib/systemd/boot/efi/systemd-bootx64.efi.signed
‣  Installing systemd-boot…
Created "/buildroot/efi/EFI".
Created "/buildroot/efi/EFI/systemd".
Created "/buildroot/efi/EFI/BOOT".
Created "/buildroot/efi/loader".
Created "/buildroot/efi/loader/keys".
Created "/buildroot/boot/loader/entries".
Created "/buildroot/boot/EFI".
Created "/buildroot/boot/EFI/Linux".
Copied "/buildroot/usr/lib/systemd/boot/efi/systemd-bootx64.efi.signed" to "/buildroot/efi/EFI/systemd/systemd-bootx64.efi".
Copied "/buildroot/usr/lib/systemd/boot/efi/systemd-bootx64.efi.signed" to "/buildroot/efi/EFI/BOOT/BOOTX64.EFI".
Random seed file /buildroot/efi/loader/random-seed successfully written (32 bytes).
Created "/buildroot/efi/loader/keys/auto".
Secure boot auto-enrollment file /buildroot/efi/loader/keys/auto/PK.auth successfully written.
Secure boot auto-enrollment file /buildroot/efi/loader/keys/auto/KEK.auth successfully written.
Secure boot auto-enrollment file /buildroot/efi/loader/keys/auto/db.auth successfully written.
‣  Generating system users
Creating group 'archivereaders' with GID 999.
Creating group 'kopia' with GID 5000.
Creating user 'kopia' (Kopia backup user) with UID 5000 and GID 5000.
‣  Generating volatile files
‣  Applying presets…
Failed to preset unit: Unit display-manager.service is an unresolvable alias
Failed to preset unit: Unit default.target is an unresolvable alias
Created symlink '/buildroot/etc/systemd/system/timers.target.wants/watchdog-battery.timer' → '/etc/systemd/system/watchdog-battery.timer'.
Unit /buildroot/etc/systemd/system/watchdog-battery.timer is added as a dependency to a non-existent unit timers.target.
Created symlink '/buildroot/etc/systemd/system/multi-user.target.wants/ab-user-provision.service' → '/etc/systemd/system/ab-user-provision.service'.
Unit /buildroot/etc/systemd/system/ab-user-provision.service is added as a dependency to a non-existent unit multi-user.target.
Created symlink '/buildroot/etc/systemd/system/graphical.target.wants/ab-user-provision.service' → '/etc/systemd/system/ab-user-provision.service'.
Unit /buildroot/etc/systemd/system/ab-user-provision.service is added as a dependency to a non-existent unit graphical.target.
Created symlink '/buildroot/etc/systemd/system/timers.target.wants/kopia-filesystem-backup.timer' → '/etc/systemd/system/kopia-filesystem-backup.timer'.
Unit /buildroot/etc/systemd/system/kopia-filesystem-backup.timer is added as a dependency to a non-existent unit timers.target.
Created symlink '/buildroot/etc/systemd/system/multi-user.target.wants/enable-monitor-services.service' → '/etc/systemd/system/enable-monitor-services.service'.
Unit /buildroot/etc/systemd/system/enable-monitor-services.service is added as a dependency to a non-existent unit multi-user.target.
Created symlink '/buildroot/etc/systemd/system/timers.target.wants/ab-dns-ensure.timer' → '/etc/systemd/system/ab-dns-ensure.timer'.
Unit /buildroot/etc/systemd/system/ab-dns-ensure.timer is added as a dependency to a non-existent unit timers.target.
Created symlink '/buildroot/etc/systemd/system/multi-user.target.wants/ab-symlink-docker.service' → '/etc/systemd/system/ab-symlink-docker.service'.
Unit /buildroot/etc/systemd/system/ab-symlink-docker.service is added as a dependency to a non-existent unit multi-user.target.
Created symlink '/buildroot/etc/systemd/system/multi-user.target.wants/kopia-filesystem-backup.service' → '/etc/systemd/system/kopia-filesystem-backup.service'.
Unit /buildroot/etc/systemd/system/kopia-filesystem-backup.service is added as a dependency to a non-existent unit multi-user.target.
Created symlink '/buildroot/etc/systemd/system/timers.target.wants/flatpak-flathub-init.timer' → '/etc/systemd/system/flatpak-flathub-init.timer'.
Unit /buildroot/etc/systemd/system/flatpak-flathub-init.timer is added as a dependency to a non-existent unit timers.target.
Created symlink '/buildroot/etc/systemd/system/multi-user.target.wants/tailscale-up.service' → '/etc/systemd/system/tailscale-up.service'.
Unit /buildroot/etc/systemd/system/tailscale-up.service is added as a dependency to a non-existent unit multi-user.target.
Created symlink '/buildroot/etc/systemd/system/multi-user.target.wants/ab-symlink-k3s.service' → '/etc/systemd/system/ab-symlink-k3s.service'.
Unit /buildroot/etc/systemd/system/ab-symlink-k3s.service is added as a dependency to a non-existent unit multi-user.target.
Created symlink '/buildroot/etc/systemd/system/timers.target.wants/kopia-cloud-backup.timer' → '/etc/systemd/system/kopia-cloud-backup.timer'.
Unit /buildroot/etc/systemd/system/kopia-cloud-backup.timer is added as a dependency to a non-existent unit timers.target.
Created symlink '/buildroot/etc/systemd/system/multi-user.target.wants/s3-backup.service' → '/etc/systemd/system/s3-backup.service'.
Unit /buildroot/etc/systemd/system/s3-backup.service is added as a dependency to a non-existent unit multi-user.target.
Created symlink '/buildroot/etc/systemd/system/multi-user.target.wants/cloudflared.service' → '/etc/systemd/system/cloudflared.service'.
Unit /buildroot/etc/systemd/system/cloudflared.service is added as a dependency to a non-existent unit multi-user.target.
Created symlink '/buildroot/etc/systemd/system/multi-user.target.wants/kopia-cloud-backup.service' → '/etc/systemd/system/kopia-cloud-backup.service'.
Unit /buildroot/etc/systemd/system/kopia-cloud-backup.service is added as a dependency to a non-existent unit multi-user.target.
Created symlink '/buildroot/etc/systemd/system/sysinit.target.wants/ab-dns-ensure.service' → '/etc/systemd/system/ab-dns-ensure.service'.
Unit /buildroot/etc/systemd/system/ab-dns-ensure.service is added as a dependency to a non-existent unit sysinit.target.
Created symlink '/buildroot/etc/systemd/system/timers.target.wants/monitor-fallback.timer' → '/etc/systemd/system/monitor-fallback.timer'.
Unit /buildroot/etc/systemd/system/monitor-fallback.timer is added as a dependency to a non-existent unit timers.target.
Created symlink '/buildroot/etc/systemd/system/multi-user.target.wants/ab-grow-root.service' → '/etc/systemd/system/ab-grow-root.service'.
Unit /buildroot/etc/systemd/system/ab-grow-root.service is added as a dependency to a non-existent unit multi-user.target.
Created symlink '/buildroot/etc/systemd/system/timers.target.wants/s3-backup.timer' → '/etc/systemd/system/s3-backup.timer'.
Unit /buildroot/etc/systemd/system/s3-backup.timer is added as a dependency to a non-existent unit timers.target.
Created symlink '/buildroot/etc/systemd/system/timers.target.wants/ab-heartbeat.timer' → '/etc/systemd/system/ab-heartbeat.timer'.
Unit /buildroot/etc/systemd/system/ab-heartbeat.timer is added as a dependency to a non-existent unit timers.target.
Created symlink '/buildroot/etc/systemd/system/timers.target.wants/cloudflared-watchdog.timer' → '/etc/systemd/system/cloudflared-watchdog.timer'.
Unit /buildroot/etc/systemd/system/cloudflared-watchdog.timer is added as a dependency to a non-existent unit timers.target.
Created symlink '/buildroot/etc/systemd/system/timers.target.wants/tailscale-watchdog.timer' → '/etc/systemd/system/tailscale-watchdog.timer'.
Unit /buildroot/etc/systemd/system/tailscale-watchdog.timer is added as a dependency to a non-existent unit timers.target.
Created symlink '/buildroot/etc/systemd/system/timers.target.wants/ab-monitor.timer' → '/etc/systemd/system/ab-monitor.timer'.
Unit /buildroot/etc/systemd/system/ab-monitor.timer is added as a dependency to a non-existent unit timers.target.
Created symlink '/buildroot/etc/systemd/system/multi-user.target.wants/ab-runtime-validate-firstboot.service' → '/etc/systemd/system/ab-runtime-validate-firstboot.service'.
Unit /buildroot/etc/systemd/system/ab-runtime-validate-firstboot.service is added as a dependency to a non-existent unit multi-user.target.
Created symlink '/buildroot/etc/systemd/system/sysinit.target.wants/lnl-drivers-reload.service' → '/etc/systemd/system/lnl-drivers-reload.service'.
Unit /buildroot/etc/systemd/system/lnl-drivers-reload.service is added as a dependency to a non-existent unit sysinit.target.
Created symlink '/buildroot/etc/systemd/system/display-manager.service.wants/monitor-fallback.service' → '/etc/systemd/system/monitor-fallback.service'.
Created symlink '/buildroot/etc/systemd/system/multi-user.target.wants/ab-slot-health.service' → '/usr/lib/systemd/system/ab-slot-health.service'.
Unit /buildroot/usr/lib/systemd/system/ab-slot-health.service is added as a dependency to a non-existent unit multi-user.target.
Created symlink '/buildroot/etc/systemd/system/graphical.target.wants/ab-slot-health.service' → '/usr/lib/systemd/system/ab-slot-health.service'.
Unit /buildroot/usr/lib/systemd/system/ab-slot-health.service is added as a dependency to a non-existent unit graphical.target.
Created symlink '/buildroot/etc/systemd/system/multi-user.target.wants/ab-boot-log-capture.service' → '/usr/lib/systemd/system/ab-boot-log-capture.service'.
Unit /buildroot/usr/lib/systemd/system/ab-boot-log-capture.service is added as a dependency to a non-existent unit multi-user.target.
Created symlink '/buildroot/etc/systemd/system/boot-complete.target.wants/ab-health-gate.service' → '/usr/lib/systemd/system/ab-health-gate.service'.
Unit /buildroot/usr/lib/systemd/system/ab-health-gate.service is added as a dependency to a non-existent unit boot-complete.target.
Unit /buildroot/usr/lib/systemd/system/fstrim.timer is added as a dependency to a non-existent unit timers.target.
Unit /buildroot/usr/lib/systemd/system/dpkg-db-backup.timer is added as a dependency to a non-existent unit timers.target.
Created symlink '/buildroot/etc/systemd/system/multi-user.target.wants/provision-local-users.service' → '/usr/lib/systemd/system/provision-local-users.service'.
Unit /buildroot/usr/lib/systemd/system/provision-local-users.service is added as a dependency to a non-existent unit multi-user.target.
Unit /buildroot/etc/systemd/user/ensure-speaker-dac.service is added as a dependency to a non-existent unit default.target.
Unit /buildroot/etc/systemd/user/mute-speaker.service is added as a dependency to a non-existent unit default.target.
‣  Applying first boot settings
/buildroot: /etc/locale.conf written.
/buildroot: /etc/passwd written.
/buildroot: /etc/shadow written.
‣  Generating hardware database
No hwdb files found, skipping.
‣  Removing files…
‣  Running finalize script /media/bashirs/DATA/my-mkosi-test/mkosi.finalize.d/09-cleanup-build-artifacts.sh…
==> [FINALIZE] Cleaning up build artifacts...
==> [FINALIZE] removing kernel source/headers from /usr/src
4.0K    /buildroot/usr/src
==> [FINALIZE] build artifacts cleanup complete
‣  Running finalize script /media/bashirs/DATA/my-mkosi-test/mkosi.finalize.d/10-provisioning.sh…
==> [FINALIZE] enabling first-boot user provisioning and boot-health gating
==> [FINALIZE] setting IMAGE_ID=deb-ab-x1g13 in /usr/lib/os-release
==> [FINALIZE] setting IMAGE_VERSION=20260616T121143Z in /usr/lib/os-release
‣  Running finalize script /media/bashirs/DATA/my-mkosi-test/mkosi.finalize.d/20-preset-all.sh…
==> [FINALIZE] running systemctl preset-all
Failed to preset unit: Unit display-manager.service is an unresolvable alias
Failed to preset unit: Unit default.target is an unresolvable alias
Unit /buildroot/etc/systemd/system/watchdog-battery.timer is added as a dependency to a non-existent unit timers.target.
Unit /buildroot/etc/systemd/system/ab-user-provision.service is added as a dependency to a non-existent unit multi-user.target.
Unit /buildroot/etc/systemd/system/ab-user-provision.service is added as a dependency to a non-existent unit graphical.target.
Unit /buildroot/etc/systemd/system/kopia-filesystem-backup.timer is added as a dependency to a non-existent unit timers.target.
Unit /buildroot/etc/systemd/system/enable-monitor-services.service is added as a dependency to a non-existent unit multi-user.target.
Unit /buildroot/etc/systemd/system/ab-dns-ensure.timer is added as a dependency to a non-existent unit timers.target.
Unit /buildroot/etc/systemd/system/ab-symlink-docker.service is added as a dependency to a non-existent unit multi-user.target.
Unit /buildroot/etc/systemd/system/kopia-filesystem-backup.service is added as a dependency to a non-existent unit multi-user.target.
Unit /buildroot/etc/systemd/system/flatpak-flathub-init.timer is added as a dependency to a non-existent unit timers.target.
Unit /buildroot/etc/systemd/system/tailscale-up.service is added as a dependency to a non-existent unit multi-user.target.
Unit /buildroot/etc/systemd/system/ab-symlink-k3s.service is added as a dependency to a non-existent unit multi-user.target.
Unit /buildroot/etc/systemd/system/kopia-cloud-backup.timer is added as a dependency to a non-existent unit timers.target.
Unit /buildroot/etc/systemd/system/s3-backup.service is added as a dependency to a non-existent unit multi-user.target.
Unit /buildroot/etc/systemd/system/cloudflared.service is added as a dependency to a non-existent unit multi-user.target.
Unit /buildroot/etc/systemd/system/kopia-cloud-backup.service is added as a dependency to a non-existent unit multi-user.target.
Unit /buildroot/etc/systemd/system/ab-dns-ensure.service is added as a dependency to a non-existent unit sysinit.target.
Unit /buildroot/etc/systemd/system/monitor-fallback.timer is added as a dependency to a non-existent unit timers.target.
Unit /buildroot/etc/systemd/system/ab-grow-root.service is added as a dependency to a non-existent unit multi-user.target.
Unit /buildroot/etc/systemd/system/s3-backup.timer is added as a dependency to a non-existent unit timers.target.
Unit /buildroot/etc/systemd/system/ab-heartbeat.timer is added as a dependency to a non-existent unit timers.target.
Unit /buildroot/etc/systemd/system/cloudflared-watchdog.timer is added as a dependency to a non-existent unit timers.target.
Unit /buildroot/etc/systemd/system/tailscale-watchdog.timer is added as a dependency to a non-existent unit timers.target.
Unit /buildroot/etc/systemd/system/ab-monitor.timer is added as a dependency to a non-existent unit timers.target.
Unit /buildroot/etc/systemd/system/ab-runtime-validate-firstboot.service is added as a dependency to a non-existent unit multi-user.target.
Unit /buildroot/etc/systemd/system/lnl-drivers-reload.service is added as a dependency to a non-existent unit sysinit.target.
Unit /buildroot/usr/lib/systemd/system/ab-slot-health.service is added as a dependency to a non-existent unit multi-user.target.
Unit /buildroot/usr/lib/systemd/system/ab-slot-health.service is added as a dependency to a non-existent unit graphical.target.
Unit /buildroot/usr/lib/systemd/system/ab-boot-log-capture.service is added as a dependency to a non-existent unit multi-user.target.
Unit /buildroot/usr/lib/systemd/system/ab-health-gate.service is added as a dependency to a non-existent unit boot-complete.target.
Unit /buildroot/usr/lib/systemd/system/fstrim.timer is added as a dependency to a non-existent unit timers.target.
Unit /buildroot/usr/lib/systemd/system/dpkg-db-backup.timer is added as a dependency to a non-existent unit timers.target.
Unit /buildroot/usr/lib/systemd/system/provision-local-users.service is added as a dependency to a non-existent unit multi-user.target.
‣  Running finalize script /media/bashirs/DATA/my-mkosi-test/mkosi.finalize.d/30-systemd-tweaks.sh…
‣  Running finalize script /media/bashirs/DATA/my-mkosi-test/mkosi.finalize.d/40-permissions.sh…
==> [FINALIZE] writing /etc/default/locale (LANG=C.UTF-8) for pam_env
==> [FINALIZE] pre-creating /etc/skel XDG dirs at mode 0700
==> [FINALIZE] locking /root to 0700
‣  Running finalize script /media/bashirs/DATA/my-mkosi-test/mkosi.finalize.d/45-sign-kernel-modules.sh…
==> [FINALIZE] No kernel modules directory in image; skipping signing
‣  Running finalize script /media/bashirs/DATA/my-mkosi-test/mkosi.finalize.d/50-initramfs.sh…
‣  Running finalize script /media/bashirs/DATA/my-mkosi-test/mkosi.finalize.d/99-disk-usage-report.sh…
==> [FINALIZE] Disk usage report (before image generation):
    Top-level directories:
4.0K    /buildroot/home
4.0K    /buildroot/media
4.0K    /buildroot/opt
4.0K    /buildroot/proc
4.0K    /buildroot/run
4.0K    /buildroot/srv
4.0K    /buildroot/sys
4.0K    /buildroot/tmp
16K     /buildroot/mnt
20K     /buildroot/root
24K     /buildroot/boot
292K    /buildroot/efi
1.2M    /buildroot/etc
3.5M    /buildroot/var
129M    /buildroot/usr

    Largest directories (>100M):

    Total rootfs size:
134M    /buildroot
‣  Running finalize script /media/bashirs/DATA/my-mkosi-test/mkosi.profiles/ssh-server/mkosi.finalize…
==> [FINALIZE] /usr/bin/ping is not installed; skipping ping capabilities
‣  Generating disk image
MountPoint= is not specified for any eligible partitions, not generating /etc/fstab
EncryptedVolume= is not specified for any eligible partitions, not generating /etc/crypttab
Pre-populating ext4 filesystem of partition 10-root.conf twice to calculate minimal partition size
Preparing to populate ext4 filesystem.
Ready to populate ext4 filesystem.
mke2fs 1.47.2 (1-Jan-2025)
Discarding device blocks: done                            
Creating filesystem with 268435456 4k blocks and 67108864 inodes
Filesystem UUID: 2287c893-151a-42bd-9a3c-82934925b395
Superblock backups stored on blocks: 
        32768, 98304, 163840, 229376, 294912, 819200, 884736, 1605632, 2654208, 
        4096000, 7962624, 11239424, 20480000, 23887872, 71663616, 78675968, 
        102400000, 214990848

Allocating group tables: done                            
Writing inode tables: done                            
Creating journal (262144 blocks): done
Copying files into the device: done
Writing superblocks and filesystem accounting information: done     

/var/tmp/.#reparta79a2cd5c7098fe0 successfully formatted as ext4 (label "root-x86-64", uuid 2287c893-151a-42bd-9a3c-82934925b395)
Minimal partition size of ext4 filesystem of partition 10-root.conf is 221.8M
mke2fs 1.47.2 (1-Jan-2025)
Discarding device blocks: done                            
Creating filesystem with 56793 4k blocks and 14208 inodes
Filesystem UUID: f716bb68-cca4-4d32-9e15-83c4e2a5e2da
Superblock backups stored on blocks: 
        32768

Allocating group tables: done                            
Writing inode tables: done                            
Creating journal (4096 blocks): done
Copying files into the device: done
Writing superblocks and filesystem accounting information: done

/var/tmp/.#reparta79a2cd5c7098fe0 successfully formatted as ext4 (label "root-x86-64", uuid f716bb68-cca4-4d32-9e15-83c4e2a5e2da)
Automatically determined minimal disk image size as 1.2G.
Sized '/work/media/bashirs/DATA/.mkosi.workspace/mkosi-workspace-1su922fx/staging/deb-ab-x1g13_20260616T121143Z.raw' to 1.2G.
Applying changes to /work/media/bashirs/DATA/.mkosi.workspace/mkosi-workspace-1su922fx/staging/deb-ab-x1g13_20260616T121143Z.raw.
Copying in '/var/tmp/.#reparta79a2cd5c7098fe0' (221.8M) on block level into future partition 1.
Copying in of '/var/tmp/.#reparta79a2cd5c7098fe0' on block level completed.    i.repart/10-root.conf 221.8M/221.8M 100%
Encrypting future partition 1...
Warning: keyslot operation could fail as it requires more than available memory.
Successfully encrypted future partition 1.
Syncing future partition 1 contents to disk.
Block level copying and synchronization of partition 1 complete in 54.480934s (4M/s).
Adding new partition 1 to partition table.
Writing new partition table.
All done.
‣ A bootable image was requested but no kernel was found
[command-timer] Command finished in 144s
bashirs@x1g13:/media/bashirs/DATA/my-mkosi-test$ 